{"C:\\Users\\unn04\\Desktop\\api\\Backend\\TokenAuth-js\\nodebird-api\\controllers\\createDomain.js": {"path":"C:\\Users\\unn04\\Desktop\\api\\Backend\\TokenAuth-js\\nodebird-api\\controllers\\createDomain.js","statementMap":{"0":{"start":{"line":4,"column":21},"end":{"line":17,"column":1}},"1":{"start":{"line":5,"column":4},"end":{"line":16,"column":5}},"2":{"start":{"line":6,"column":8},"end":{"line":11,"column":11}},"3":{"start":{"line":12,"column":8},"end":{"line":12,"column":26}},"4":{"start":{"line":14,"column":8},"end":{"line":14,"column":27}},"5":{"start":{"line":15,"column":8},"end":{"line":15,"column":18}}},"fnMap":{"0":{"name":"(anonymous_0)","decl":{"start":{"line":4,"column":21},"end":{"line":4,"column":22}},"loc":{"start":{"line":4,"column":47},"end":{"line":17,"column":1}},"line":4}},"branchMap":{},"s":{"0":1,"1":2,"2":2,"3":1,"4":1,"5":1},"f":{"0":2},"b":{},"_coverageSchema":"1a1c01bbd47fc00a2c39e90264f33305004495a9","hash":"b4caf25fc3b123c9f6d213f054077642a786ff86"}
,"C:\\Users\\unn04\\Desktop\\api\\Backend\\TokenAuth-js\\nodebird-api\\models\\domain.js": {"path":"C:\\Users\\unn04\\Desktop\\api\\Backend\\TokenAuth-js\\nodebird-api\\models\\domain.js","statementMap":{"0":{"start":{"line":5,"column":8},"end":{"line":24,"column":10}},"1":{"start":{"line":28,"column":8},"end":{"line":28,"column":37}}},"fnMap":{"0":{"name":"(anonymous_0)","decl":{"start":{"line":4,"column":4},"end":{"line":4,"column":5}},"loc":{"start":{"line":4,"column":26},"end":{"line":25,"column":5}},"line":4},"1":{"name":"(anonymous_1)","decl":{"start":{"line":27,"column":4},"end":{"line":27,"column":5}},"loc":{"start":{"line":27,"column":24},"end":{"line":29,"column":5}},"line":27}},"branchMap":{},"s":{"0":1,"1":1},"f":{"0":1,"1":1},"b":{},"_coverageSchema":"1a1c01bbd47fc00a2c39e90264f33305004495a9","hash":"47ffa256bc8564d08552e1481f1aa8ec9b829f41"}
,"C:\\Users\\unn04\\Desktop\\api\\Backend\\TokenAuth-js\\nodebird-api\\routes\\middlewares.js": {"path":"C:\\Users\\unn04\\Desktop\\api\\Backend\\TokenAuth-js\\nodebird-api\\routes\\middlewares.js","statementMap":{"0":{"start":{"line":2,"column":19},"end":{"line":8,"column":3}},"1":{"start":{"line":3,"column":4},"end":{"line":7,"column":5}},"2":{"start":{"line":4,"column":6},"end":{"line":4,"column":13}},"3":{"start":{"line":6,"column":6},"end":{"line":6,"column":37}},"4":{"start":{"line":9,"column":22},"end":{"line":16,"column":3}},"5":{"start":{"line":10,"column":4},"end":{"line":15,"column":5}},"6":{"start":{"line":11,"column":6},"end":{"line":11,"column":13}},"7":{"start":{"line":13,"column":22},"end":{"line":13,"column":55}},"8":{"start":{"line":14,"column":6},"end":{"line":14,"column":41}},"9":{"start":{"line":18,"column":20},"end":{"line":35,"column":1}},"10":{"start":{"line":19,"column":2},"end":{"line":34,"column":3}},"11":{"start":{"line":20,"column":4},"end":{"line":20,"column":80}},"12":{"start":{"line":21,"column":4},"end":{"line":21,"column":18}},"13":{"start":{"line":23,"column":4},"end":{"line":23,"column":25}},"14":{"start":{"line":24,"column":4},"end":{"line":29,"column":5}},"15":{"start":{"line":25,"column":6},"end":{"line":28,"column":9}},"16":{"start":{"line":30,"column":4},"end":{"line":33,"column":6}}},"fnMap":{"0":{"name":"(anonymous_0)","decl":{"start":{"line":2,"column":19},"end":{"line":2,"column":20}},"loc":{"start":{"line":2,"column":39},"end":{"line":8,"column":3}},"line":2},"1":{"name":"(anonymous_1)","decl":{"start":{"line":9,"column":22},"end":{"line":9,"column":23}},"loc":{"start":{"line":9,"column":42},"end":{"line":16,"column":3}},"line":9},"2":{"name":"(anonymous_2)","decl":{"start":{"line":18,"column":20},"end":{"line":18,"column":21}},"loc":{"start":{"line":18,"column":40},"end":{"line":35,"column":1}},"line":18}},"branchMap":{"0":{"loc":{"start":{"line":3,"column":4},"end":{"line":7,"column":5}},"type":"if","locations":[{"start":{"line":3,"column":4},"end":{"line":7,"column":5}},{"start":{"line":3,"column":4},"end":{"line":7,"column":5}}],"line":3},"1":{"loc":{"start":{"line":10,"column":4},"end":{"line":15,"column":5}},"type":"if","locations":[{"start":{"line":10,"column":4},"end":{"line":15,"column":5}},{"start":{"line":10,"column":4},"end":{"line":15,"column":5}}],"line":10},"2":{"loc":{"start":{"line":24,"column":4},"end":{"line":29,"column":5}},"type":"if","locations":[{"start":{"line":24,"column":4},"end":{"line":29,"column":5}},{"start":{"line":24,"column":4},"end":{"line":29,"column":5}}],"line":24}},"s":{"0":1,"1":2,"2":1,"3":1,"4":1,"5":2,"6":1,"7":1,"8":1,"9":1,"10":0,"11":0,"12":0,"13":0,"14":0,"15":0,"16":0},"f":{"0":2,"1":2,"2":0},"b":{"0":[1,1],"1":[1,1],"2":[0,0]},"_coverageSchema":"1a1c01bbd47fc00a2c39e90264f33305004495a9","hash":"8fa53a2ce7aa563828a8c990289d796d236bf3d5"}
}
