TN:
SF:controllers\createDomain.js
FN:4,(anonymous_0)
FNF:1
FNH:1
FNDA:2,(anonymous_0)
DA:4,1
DA:5,2
DA:6,2
DA:12,1
DA:14,1
DA:15,1
LF:6
LH:6
BRF:0
BRH:0
end_of_record
TN:
SF:models\domain.js
FN:4,(anonymous_0)
FN:27,(anonymous_1)
FNF:2
FNH:0
FNDA:0,(anonymous_0)
FNDA:0,(anonymous_1)
DA:5,0
DA:28,0
LF:2
LH:0
BRF:0
BRH:0
end_of_record
TN:
SF:routes\middlewares.js
FN:2,(anonymous_0)
FN:9,(anonymous_1)
FN:18,(anonymous_2)
FNF:3
FNH:2
FNDA:2,(anonymous_0)
FNDA:2,(anonymous_1)
FNDA:0,(anonymous_2)
DA:2,1
DA:3,2
DA:4,1
DA:6,1
DA:9,1
DA:10,2
DA:11,1
DA:13,1
DA:14,1
DA:18,1
DA:19,0
DA:20,0
DA:21,0
DA:23,0
DA:24,0
DA:25,0
DA:30,0
LF:17
LH:10
BRDA:3,0,0,1
BRDA:3,0,1,1
BRDA:10,1,0,1
BRDA:10,1,1,1
BRDA:24,2,0,0
BRDA:24,2,1,0
BRF:6
BRH:4
end_of_record
